# JRE version: Java(TM) SE Runtime Environment (8.0_121-b13) (build 1.8.0_121-b13)
# Java VM: Java HotSpot(TM) 64-Bit Server VM (25.121-b13 mixed mode windows-amd64 compressed oops)
Heap:
 PSYoungGen      total 171008K, used 11766K [0x00000000d6380000, 0x00000000e4100000, 0x0000000100000000)
  eden space 159232K, 0% used [0x00000000d6380000,0x00000000d6380000,0x00000000dff00000)
  from space 11776K, 99% used [0x00000000e0c80000,0x00000000e17fdaa8,0x00000000e1800000)
  to   space 13824K, 0% used [0x00000000dff00000,0x00000000dff00000,0x00000000e0c80000)
 ParOldGen       total 58368K, used 9345K [0x0000000082a00000, 0x0000000086300000, 0x00000000d6380000)
  object space 58368K, 16% used [0x0000000082a00000,0x00000000833204f8,0x0000000086300000)
 Metaspace       used 34642K, capacity 35180K, committed 35456K, reserved 1079296K
  class space    used 4744K, capacity 4919K, committed 4992K, reserved 1048576K
GC Heap History (10 events):
Event: 2.569 GC heap after
Heap after GC invocations=5 (full 0):
 PSYoungGen      total 70656K, used 5088K [0x00000000d6380000, 0x00000000df880000, 0x0000000100000000)
  eden space 65536K, 0% used [0x00000000d6380000,0x00000000d6380000,0x00000000da380000)
  from space 5120K, 99% used [0x00000000da380000,0x00000000da878010,0x00000000da880000)
  to   space 10752K, 0% used [0x00000000dee00000,0x00000000dee00000,0x00000000df880000)
 ParOldGen       total 86016K, used 8918K [0x0000000082a00000, 0x0000000087e00000, 0x00000000d6380000)
  object space 86016K, 10% used [0x0000000082a00000,0x00000000832b5a50,0x0000000087e00000)
 Metaspace       used 20923K, capacity 21156K, committed 21296K, reserved 1067008K
  class space    used 2872K, capacity 2935K, committed 2944K, reserved 1048576K
}
Event: 2.569 GC heap before
{Heap before GC invocations=6 (full 1):
 PSYoungGen      total 70656K, used 5088K [0x00000000d6380000, 0x00000000df880000, 0x0000000100000000)
  eden space 65536K, 0% used [0x00000000d6380000,0x00000000d6380000,0x00000000da380000)
  from space 5120K, 99% used [0x00000000da380000,0x00000000da878010,0x00000000da880000)
  to   space 10752K, 0% used [0x00000000dee00000,0x00000000dee00000,0x00000000df880000)
 ParOldGen       total 86016K, used 8918K [0x0000000082a00000, 0x0000000087e00000, 0x00000000d6380000)
  object space 86016K, 10% used [0x0000000082a00000,0x00000000832b5a50,0x0000000087e00000)
 Metaspace       used 20923K, capacity 21156K, committed 21296K, reserved 1067008K
  class space    used 2872K, capacity 2935K, committed 2944K, reserved 1048576K
Event: 2.618 GC heap after
Heap after GC invocations=6 (full 1):
 PSYoungGen      total 70656K, used 0K [0x00000000d6380000, 0x00000000df880000, 0x0000000100000000)
  eden space 65536K, 0% used [0x00000000d6380000,0x00000000d6380000,0x00000000da380000)
  from space 5120K, 0% used [0x00000000da380000,0x00000000da380000,0x00000000da880000)
  to   space 10752K, 0% used [0x00000000dee00000,0x00000000dee00000,0x00000000df880000)
 ParOldGen       total 58368K, used 7586K [0x0000000082a00000, 0x0000000086300000, 0x00000000d6380000)
  object space 58368K, 12% used [0x0000000082a00000,0x0000000083168b18,0x0000000086300000)
 Metaspace       used 20923K, capacity 21156K, committed 21296K, reserved 1067008K
  class space    used 2872K, capacity 2935K, committed 2944K, reserved 1048576K
}
Event: 3.529 GC heap before
{Heap before GC invocations=7 (full 1):
 PSYoungGen      total 70656K, used 65536K [0x00000000d6380000, 0x00000000df880000, 0x0000000100000000)
  eden space 65536K, 100% used [0x00000000d6380000,0x00000000da380000,0x00000000da380000)
  from space 5120K, 0% used [0x00000000da380000,0x00000000da380000,0x00000000da880000)
  to   space 10752K, 0% used [0x00000000dee00000,0x00000000dee00000,0x00000000df880000)
 ParOldGen       total 58368K, used 7586K [0x0000000082a00000, 0x0000000086300000, 0x00000000d6380000)
  object space 58368K, 12% used [0x0000000082a00000,0x0000000083168b18,0x0000000086300000)
 Metaspace       used 26631K, capacity 27072K, committed 27264K, reserved 1073152K
  class space    used 3723K, capacity 3886K, committed 3968K, reserved 1048576K
Event: 3.535 GC heap after
Heap after GC invocations=7 (full 1):
 PSYoungGen      total 110592K, used 6462K [0x00000000d6380000, 0x00000000df480000, 0x0000000100000000)
  eden space 103936K, 0% used [0x00000000d6380000,0x00000000d6380000,0x00000000dc900000)
  from space 6656K, 97% used [0x00000000dee00000,0x00000000df44fa58,0x00000000df480000)
  to   space 10240K, 0% used [0x00000000de080000,0x00000000de080000,0x00000000dea80000)
 ParOldGen       total 58368K, used 7594K [0x0000000082a00000, 0x0000000086300000, 0x00000000d6380000)
  object space 58368K, 13% used [0x0000000082a00000,0x000000008316ab18,0x0000000086300000)
 Metaspace       used 26631K, capacity 27072K, committed 27264K, reserved 1073152K
  class space    used 3723K, capacity 3886K, committed 3968K, reserved 1048576K
}
Event: 4.869 GC heap before
{Heap before GC invocations=8 (full 1):
 PSYoungGen      total 110592K, used 110398K [0x00000000d6380000, 0x00000000df480000, 0x0000000100000000)
  eden space 103936K, 100% used [0x00000000d6380000,0x00000000dc900000,0x00000000dc900000)
  from space 6656K, 97% used [0x00000000dee00000,0x00000000df44fa58,0x00000000df480000)
  to   space 10240K, 0% used [0x00000000de080000,0x00000000de080000,0x00000000dea80000)
 ParOldGen       total 58368K, used 7594K [0x0000000082a00000, 0x0000000086300000, 0x00000000d6380000)
  object space 58368K, 13% used [0x0000000082a00000,0x000000008316ab18,0x0000000086300000)
 Metaspace       used 32681K, capacity 33152K, committed 33664K, reserved 1079296K
  class space    used 4482K, capacity 4631K, committed 4736K, reserved 1048576K
Event: 4.890 GC heap after
Heap after GC invocations=8 (full 1):
 PSYoungGen      total 138240K, used 10213K [0x00000000d6380000, 0x00000000e1800000, 0x0000000100000000)
  eden space 128000K, 0% used [0x00000000d6380000,0x00000000d6380000,0x00000000de080000)
  from space 10240K, 99% used [0x00000000de080000,0x00000000dea79478,0x00000000dea80000)
  to   space 11776K, 0% used [0x00000000e0c80000,0x00000000e0c80000,0x00000000e1800000)
 ParOldGen       total 58368K, used 8314K [0x0000000082a00000, 0x0000000086300000, 0x00000000d6380000)
  object space 58368K, 14% used [0x0000000082a00000,0x000000008321eb00,0x0000000086300000)
 Metaspace       used 32681K, capacity 33152K, committed 33664K, reserved 1079296K
  class space    used 4482K, capacity 4631K, committed 4736K, reserved 1048576K
}
Event: 5.384 GC heap before
{Heap before GC invocations=9 (full 1):
 PSYoungGen      total 138240K, used 56010K [0x00000000d6380000, 0x00000000e1800000, 0x0000000100000000)
  eden space 128000K, 35% used [0x00000000d6380000,0x00000000d9039638,0x00000000de080000)
  from space 10240K, 99% used [0x00000000de080000,0x00000000dea79478,0x00000000dea80000)
  to   space 11776K, 0% used [0x00000000e0c80000,0x00000000e0c80000,0x00000000e1800000)
 ParOldGen       total 58368K, used 8314K [0x0000000082a00000, 0x0000000086300000, 0x00000000d6380000)
  object space 58368K, 14% used [0x0000000082a00000,0x000000008321eb00,0x0000000086300000)
 Metaspace       used 34642K, capacity 35180K, committed 35456K, reserved 1079296K
  class space    used 4744K, capacity 4919K, committed 4992K, reserved 1048576K
Event: 5.397 GC heap after
Heap after GC invocations=9 (full 1):
 PSYoungGen      total 171008K, used 11766K [0x00000000d6380000, 0x00000000e4100000, 0x0000000100000000)
  eden space 159232K, 0% used [0x00000000d6380000,0x00000000d6380000,0x00000000dff00000)
  from space 11776K, 99% used [0x00000000e0c80000,0x00000000e17fdaa8,0x00000000e1800000)
  to   space 13824K, 0% used [0x00000000dff00000,0x00000000dff00000,0x00000000e0c80000)
 ParOldGen       total 58368K, used 9345K [0x0000000082a00000, 0x0000000086300000, 0x00000000d6380000)
  object space 58368K, 16% used [0x0000000082a00000,0x00000000833204f8,0x0000000086300000)
 Metaspace       used 34642K, capacity 35180K, committed 35456K, reserved 1079296K
  class space    used 4744K, capacity 4919K, committed 4992K, reserved 1048576K
}
Event: 5.397 GC heap before
{Heap before GC invocations=10 (full 2):
 PSYoungGen      total 171008K, used 11766K [0x00000000d6380000, 0x00000000e4100000, 0x0000000100000000)
  eden space 159232K, 0% used [0x00000000d6380000,0x00000000d6380000,0x00000000dff00000)
  from space 11776K, 99% used [0x00000000e0c80000,0x00000000e17fdaa8,0x00000000e1800000)
  to   space 13824K, 0% used [0x00000000dff00000,0x00000000dff00000,0x00000000e0c80000)
 ParOldGen       total 58368K, used 9345K [0x0000000082a00000, 0x0000000086300000, 0x00000000d6380000)
  object space 58368K, 16% used [0x0000000082a00000,0x00000000833204f8,0x0000000086300000)
 Metaspace       used 34642K, capacity 35180K, committed 35456K, reserved 1079296K
  class space    used 4744K, capacity 4919K, committed 4992K, reserved 1048576K

