# JRE version: Java(TM) SE Runtime Environment (8.0_121-b13) (build 1.8.0_121-b13)
# Java VM: Java HotSpot(TM) 64-Bit Server VM (25.121-b13 mixed mode windows-amd64 compressed oops)
Heap:
 PSYoungGen      total 134144K, used 5206K [0x00000000d6380000, 0x00000000e3180000, 0x0000000100000000)
  eden space 127488K, 4% used [0x00000000d6380000,0x00000000d6895ae8,0x00000000de000000)
  from space 6656K, 0% used [0x00000000dee00000,0x00000000dee00000,0x00000000df480000)
  to   space 14336K, 0% used [0x00000000de000000,0x00000000de000000,0x00000000dee00000)
 ParOldGen       total 87552K, used 19517K [0x0000000082a00000, 0x0000000087f80000, 0x00000000d6380000)
  object space 87552K, 22% used [0x0000000082a00000,0x0000000083d0f580,0x0000000087f80000)
 Metaspace       used 34749K, capacity 35340K, committed 35712K, reserved 1079296K
  class space    used 4757K, capacity 4951K, committed 4992K, reserved 1048576K
GC Heap History (10 events):
Event: 2.647 GC heap before
{Heap before GC invocations=6 (full 1):
 PSYoungGen      total 70656K, used 5088K [0x00000000d6380000, 0x00000000df880000, 0x0000000100000000)
  eden space 65536K, 0% used [0x00000000d6380000,0x00000000d6380000,0x00000000da380000)
  from space 5120K, 99% used [0x00000000da380000,0x00000000da878030,0x00000000da880000)
  to   space 10752K, 0% used [0x00000000dee00000,0x00000000dee00000,0x00000000df880000)
 ParOldGen       total 86016K, used 8790K [0x0000000082a00000, 0x0000000087e00000, 0x00000000d6380000)
  object space 86016K, 10% used [0x0000000082a00000,0x00000000832959a8,0x0000000087e00000)
 Metaspace       used 20926K, capacity 21150K, committed 21296K, reserved 1067008K
  class space    used 2871K, capacity 2934K, committed 2944K, reserved 1048576K
Event: 2.693 GC heap after
Heap after GC invocations=6 (full 1):
 PSYoungGen      total 70656K, used 0K [0x00000000d6380000, 0x00000000df880000, 0x0000000100000000)
  eden space 65536K, 0% used [0x00000000d6380000,0x00000000d6380000,0x00000000da380000)
  from space 5120K, 0% used [0x00000000da380000,0x00000000da380000,0x00000000da880000)
  to   space 10752K, 0% used [0x00000000dee00000,0x00000000dee00000,0x00000000df880000)
 ParOldGen       total 55296K, used 8223K [0x0000000082a00000, 0x0000000086000000, 0x00000000d6380000)
  object space 55296K, 14% used [0x0000000082a00000,0x0000000083207eb8,0x0000000086000000)
 Metaspace       used 20926K, capacity 21150K, committed 21296K, reserved 1067008K
  class space    used 2871K, capacity 2934K, committed 2944K, reserved 1048576K
}
Event: 3.629 GC heap before
{Heap before GC invocations=7 (full 1):
 PSYoungGen      total 70656K, used 65536K [0x00000000d6380000, 0x00000000df880000, 0x0000000100000000)
  eden space 65536K, 100% used [0x00000000d6380000,0x00000000da380000,0x00000000da380000)
  from space 5120K, 0% used [0x00000000da380000,0x00000000da380000,0x00000000da880000)
  to   space 10752K, 0% used [0x00000000dee00000,0x00000000dee00000,0x00000000df880000)
 ParOldGen       total 55296K, used 8223K [0x0000000082a00000, 0x0000000086000000, 0x00000000d6380000)
  object space 55296K, 14% used [0x0000000082a00000,0x0000000083207eb8,0x0000000086000000)
 Metaspace       used 26629K, capacity 27072K, committed 27264K, reserved 1073152K
  class space    used 3721K, capacity 3886K, committed 3968K, reserved 1048576K
Event: 3.634 GC heap after
Heap after GC invocations=7 (full 1):
 PSYoungGen      total 117248K, used 6535K [0x00000000d6380000, 0x00000000df480000, 0x0000000100000000)
  eden space 110592K, 0% used [0x00000000d6380000,0x00000000d6380000,0x00000000dcf80000)
  from space 6656K, 98% used [0x00000000dee00000,0x00000000df461d08,0x00000000df480000)
  to   space 10240K, 0% used [0x00000000de080000,0x00000000de080000,0x00000000dea80000)
 ParOldGen       total 55296K, used 8231K [0x0000000082a00000, 0x0000000086000000, 0x00000000d6380000)
  object space 55296K, 14% used [0x0000000082a00000,0x0000000083209eb8,0x0000000086000000)
 Metaspace       used 26629K, capacity 27072K, committed 27264K, reserved 1073152K
  class space    used 3721K, capacity 3886K, committed 3968K, reserved 1048576K
}
Event: 4.990 GC heap before
{Heap before GC invocations=8 (full 1):
 PSYoungGen      total 117248K, used 117127K [0x00000000d6380000, 0x00000000df480000, 0x0000000100000000)
  eden space 110592K, 100% used [0x00000000d6380000,0x00000000dcf80000,0x00000000dcf80000)
  from space 6656K, 98% used [0x00000000dee00000,0x00000000df461d08,0x00000000df480000)
  to   space 10240K, 0% used [0x00000000de080000,0x00000000de080000,0x00000000dea80000)
 ParOldGen       total 55296K, used 8231K [0x0000000082a00000, 0x0000000086000000, 0x00000000d6380000)
  object space 55296K, 14% used [0x0000000082a00000,0x0000000083209eb8,0x0000000086000000)
 Metaspace       used 33944K, capacity 34450K, committed 34816K, reserved 1079296K
  class space    used 4628K, capacity 4762K, committed 4864K, reserved 1048576K
Event: 5.003 GC heap after
Heap after GC invocations=8 (full 1):
 PSYoungGen      total 120832K, used 10210K [0x00000000d6380000, 0x00000000df480000, 0x0000000100000000)
  eden space 110592K, 0% used [0x00000000d6380000,0x00000000d6380000,0x00000000dcf80000)
  from space 10240K, 99% used [0x00000000de080000,0x00000000dea78a30,0x00000000dea80000)
  to   space 6656K, 0% used [0x00000000dee00000,0x00000000dee00000,0x00000000df480000)
 ParOldGen       total 55296K, used 10401K [0x0000000082a00000, 0x0000000086000000, 0x00000000d6380000)
  object space 55296K, 18% used [0x0000000082a00000,0x0000000083428668,0x0000000086000000)
 Metaspace       used 33944K, capacity 34450K, committed 34816K, reserved 1079296K
  class space    used 4628K, capacity 4762K, committed 4864K, reserved 1048576K
}
Event: 5.316 GC heap before
{Heap before GC invocations=9 (full 1):
 PSYoungGen      total 120832K, used 50275K [0x00000000d6380000, 0x00000000df480000, 0x0000000100000000)
  eden space 110592K, 36% used [0x00000000d6380000,0x00000000d8aa05c8,0x00000000dcf80000)
  from space 10240K, 99% used [0x00000000de080000,0x00000000dea78a30,0x00000000dea80000)
  to   space 6656K, 0% used [0x00000000dee00000,0x00000000dee00000,0x00000000df480000)
 ParOldGen       total 55296K, used 10401K [0x0000000082a00000, 0x0000000086000000, 0x00000000d6380000)
  object space 55296K, 18% used [0x0000000082a00000,0x0000000083428668,0x0000000086000000)
 Metaspace       used 34644K, capacity 35180K, committed 35456K, reserved 1079296K
  class space    used 4741K, capacity 4919K, committed 4992K, reserved 1048576K
Event: 5.328 GC heap after
Heap after GC invocations=9 (full 1):
 PSYoungGen      total 134144K, used 6631K [0x00000000d6380000, 0x00000000e3180000, 0x0000000100000000)
  eden space 127488K, 0% used [0x00000000d6380000,0x00000000d6380000,0x00000000de000000)
  from space 6656K, 99% used [0x00000000dee00000,0x00000000df479ca0,0x00000000df480000)
  to   space 14336K, 0% used [0x00000000de000000,0x00000000de000000,0x00000000dee00000)
 ParOldGen       total 55296K, used 16102K [0x0000000082a00000, 0x0000000086000000, 0x00000000d6380000)
  object space 55296K, 29% used [0x0000000082a00000,0x00000000839b9a30,0x0000000086000000)
 Metaspace       used 34644K, capacity 35180K, committed 35456K, reserved 1079296K
  class space    used 4741K, capacity 4919K, committed 4992K, reserved 1048576K
}
Event: 5.328 GC heap before
{Heap before GC invocations=10 (full 2):
 PSYoungGen      total 134144K, used 6631K [0x00000000d6380000, 0x00000000e3180000, 0x0000000100000000)
  eden space 127488K, 0% used [0x00000000d6380000,0x00000000d6380000,0x00000000de000000)
  from space 6656K, 99% used [0x00000000dee00000,0x00000000df479ca0,0x00000000df480000)
  to   space 14336K, 0% used [0x00000000de000000,0x00000000de000000,0x00000000dee00000)
 ParOldGen       total 55296K, used 16102K [0x0000000082a00000, 0x0000000086000000, 0x00000000d6380000)
  object space 55296K, 29% used [0x0000000082a00000,0x00000000839b9a30,0x0000000086000000)
 Metaspace       used 34644K, capacity 35180K, committed 35456K, reserved 1079296K
  class space    used 4741K, capacity 4919K, committed 4992K, reserved 1048576K
Event: 5.438 GC heap after
Heap after GC invocations=10 (full 2):
 PSYoungGen      total 134144K, used 0K [0x00000000d6380000, 0x00000000e3180000, 0x0000000100000000)
  eden space 127488K, 0% used [0x00000000d6380000,0x00000000d6380000,0x00000000de000000)
  from space 6656K, 0% used [0x00000000dee00000,0x00000000dee00000,0x00000000df480000)
  to   space 14336K, 0% used [0x00000000de000000,0x00000000de000000,0x00000000dee00000)
 ParOldGen       total 87552K, used 19517K [0x0000000082a00000, 0x0000000087f80000, 0x00000000d6380000)
  object space 87552K, 22% used [0x0000000082a00000,0x0000000083d0f580,0x0000000087f80000)
 Metaspace       used 34644K, capacity 35180K, committed 35456K, reserved 1079296K
  class space    used 4741K, capacity 4919K, committed 4992K, reserved 1048576K
}

